nohup: ignoring input
Extracting -Fl_coZKFHg (25835 chars)...
  OK - 1 entities (1)
Extracting -Qji29yeB4s (10489 chars)...
  OK - 1 entities (2)
Extracting -o7crsez_dQ (25955 chars)...
  OK - 2 entities (3)
Extracting 0xEipooTPho (19153 chars)...
  OK - 1 entities (4)
Extracting 1CUIEF-j1v0 (8835 chars)...
  OK - 1 entities (5)
Extracting 1D5LCd5ytRc (23958 chars)...
  OK - 1 entities (6)
Extracting 1oFf2eKa08U (4986 chars)...
  OK - 1 entities (7)
Extracting 2-8IoXwpGlA (24075 chars)...
  OK - 1 entities (8)
Extracting 2KX_37QLyuk (24339 chars)...
  OK - 1 entities (9)
Extracting 2p63blBigxY (23752 chars)...
  OK - 3 entities (10)
Extracting 2qJQM97smLk (22314 chars)...
  OK - 1 entities (11)
Extracting 2yQqcYBeCmw (24184 chars)...
  OK - 1 entities (12)
Extracting 3YpPjN2yXO8 (26286 chars)...
  OK - 1 entities (13)
Extracting 3_Eu47BZ7cA (56606 chars)...
  OK - 1 entities (14)
Extracting 3d0cPqwCfXA (25855 chars)...
  OK - 1 entities (15)
Extracting 5dtg7pXQ5g0 (2665 chars)...
  OK - 1 entities (16)
Extracting 5ziEDhCPjOQ (24872 chars)...
  OK - 2 entities (17)
Extracting 68cfV4PWqHo (26358 chars)...
  OK - 1 entities (18)
Extracting 6ZlVw5ucrvU (27985 chars)...
  OK - 1 entities (19)
Extracting 6kJi3FW01KQ (48161 chars)...
  OK - 2 entities (20)
Extracting 7_a6c9dO46A (29346 chars)...
  OK - 6 entities (21)
Extracting 9FNTikjEr6A (24554 chars)...
  OK - 7 entities (22)
Extracting 9bdgYJVTK0c (27977 chars)...
  OK - 1 entities (23)
Extracting AEQ5McTxtBA (22610 chars)...
  OK - 1 entities (24)
Extracting BseThvp3MN0 (22277 chars)...
  OK - 3 entities (25)
Extracting BseTqHt5454 (27080 chars)...
  OK - 1 entities (26)
Extracting C-JFWytmwbY (29455 chars)...
  OK - 2 entities (27)
Extracting C1lccQLLypU (24945 chars)...
  OK - 2 entities (28)
Extracting Ctg-C9kG6W0 (22799 chars)...
  OK - 1 entities (29)
Extracting DX1fWumCwbc (26054 chars)...
  OK - 1 entities (30)
Extracting DqPPBYdmDqg (25816 chars)...
  OK - 2 entities (31)
Extracting E9MA9ND6thA (27122 chars)...
  OK - 1 entities (32)
Extracting EzGrsrh1Oz8 (23668 chars)...
  OK - 3 entities (33)
Extracting FIVOwl9IAYI (23826 chars)...
  OK - 2 entities (34)
Extracting Fs-ijRe9XC0 (6010 chars)...
  OK - 2 entities (35)
Extracting HE0IIYZY3rQ (25937 chars)...
  OK - 3 entities (36)
Extracting HlrNlUoF0qU (22117 chars)...
  OK - 2 entities (37)
Extracting ImpGsMenmSs (6389 chars)...
  OK - 1 entities (38)
Extracting JDj4tdm3Y4Q (28519 chars)...
  OK - 1 entities (39)
Extracting L94Vsltjul0 (27601 chars)...
  OK - 4 entities (40)
Extracting LWP8ZdjxmXQ (21579 chars)...
  OK - 7 entities (41)
Extracting LjlNlqfTkDw (24310 chars)...
  OK - 1 entities (42)
Extracting Ls6WN0cnOBE (8481 chars)...
  OK - 1 entities (43)
Extracting NW3-EpGiICk (26579 chars)...
  OK - 2 entities (44)
Extracting Ofd2VcXDixg (7900 chars)...
  OK - 1 entities (45)
Extracting Q_wmjCPNUzM (26894 chars)...
  OK - 2 entities (46)
Extracting QzzvXsO8Ec0 (9014 chars)...
  OK - 1 entities (47)
Extracting R2GHK9U62o0 (27394 chars)...
  OK - 3 entities (48)
Extracting TGj7ZfupRzI (23384 chars)...
  OK - 3 entities (49)
Extracting Tqtj6XDXfPY (24933 chars)...
  OK - 1 entities (50)
Extracting UNowXYHfH0w (19651 chars)...
  OK - 1 entities (51)
Extracting UkEfTtoCE4U (22890 chars)...
  OK - 2 entities (52)
Extracting UpagedtReuE (24567 chars)...
  OK - 1 entities (53)
Extracting VWq_fkWcfmo (22750 chars)...
  OK - 1 entities (54)
Extracting WduBtSDqsfA (27114 chars)...
  OK - 1 entities (55)
Extracting Wf1djkZ7tx8 (24007 chars)...
  OK - 2 entities (56)
Extracting WxmZEh1O8YA (3071 chars)...
  OK - 1 entities (57)
Extracting XGsiot4AIlo (57042 chars)...
  OK - 1 entities (58)
Extracting _SOxaHxzL24 (25842 chars)...
  OK - 1 entities (59)
Extracting a1G4ZQ550zo (4407 chars)...
  OK - 2 entities (60)
Extracting bDAZbocL1GE (23176 chars)...
  OK - 2 entities (61)
Extracting bsG0joBIb0A (27194 chars)...
  OK - 1 entities (62)
Extracting bu7E5Vl0bdQ (21810 chars)...
  OK - 2 entities (63)
Extracting dToa1Z0eqAw (51934 chars)...
  OK - 4 entities (64)
Extracting di3AUcK52po (26554 chars)...
  OK - 1 entities (65)
Extracting dk2Cy_U_8Yg (22252 chars)...
  OK - 2 entities (66)
Extracting dy7QQrheaTk (23806 chars)...
  OK - 6 entities (67)
Extracting eXsA7E21ErQ (6157 chars)...
  OK - 2 entities (68)
Extracting gWea4SB_7As (25377 chars)...
  OK - 2 entities (69)
Extracting hvgvUlcjaHM (26872 chars)...
  OK - 1 entities (70)
Extracting iR5XKrlWJTo (28495 chars)...
  OK - 1 entities (71)
Extracting iXQ0Js6F_Gk (24468 chars)...
  OK - 3 entities (72)
Extracting ity1IDaO2i0 (28157 chars)...
  OK - 2 entities (73)
Extracting jRdfEbJNVjg (25287 chars)...
  OK - 1 entities (74)
Extracting jW14x-3oFDo (25352 chars)...
  OK - 1 entities (75)
Extracting jXLnjGHGuWY (25457 chars)...
  OK - 1 entities (76)
Extracting kUOjORaXqbI (30276 chars)...
  OK - 1 entities (77)
Extracting kY1wndUQk90 (23515 chars)...
  OK - 3 entities (78)
Extracting l53-Ekfet7U (25130 chars)...
  OK - 2 entities (79)
Extracting mrKCSpYsL50 (26532 chars)...
  OK - 1 entities (80)
Extracting mwv2nZYAKag (26467 chars)...
  OK - 9 entities (81)
Extracting nqgv8N0GTnU (27679 chars)...
  OK - 4 entities (82)
Extracting pKAN2TJ7SQM (15947 chars)...
  OK - 5 entities (83)
Extracting qk-i-4UPJ7s (52277 chars)...
  OK - 4 entities (84)
Extracting qtyNFFo0L_A (50278 chars)...
  OK - 20 entities (85)
Extracting qzA_VQRlr8M (24777 chars)...
  OK - 3 entities (86)
Extracting tlJnjOgYfbQ (28613 chars)...
  OK - 1 entities (87)
Extracting wuCQe_X0QXo (26964 chars)...
  OK - 3 entities (88)
Extracting xf6-9eN-vPo (7797 chars)...
  OK - 3 entities (89)
Extracting xs6FVsooM_4 (22193 chars)...
  OK - 1 entities (90)
Extracting xzA6znxVSxU (26326 chars)...
  OK - 2 entities (91)
Extracting y9s1OBc__iw (24339 chars)...
  OK - 1 entities (92)
Extracting yGlt6yviLt8 (52448 chars)...
  OK - 15 entities (93)
Extracting yZELoRCaneU (26712 chars)...
  OK - 1 entities (94)
Extracting yenAnfT25RY (25326 chars)...
  OK - 1 entities (95)
Extracting z1anSwwHpLo (21873 chars)...
  OK - 4 entities (96)
Extracting zPv7DCkOTdA (25909 chars)...
  OK - 1 entities (97)
Extracting zeoW6DfyXpY (27079 chars)...
  OK - 1 entities (98)
Extracted 98 new files. Total: 98
