nohup: ignoring input
Extracting -HThZggwUP0 (1115 chars)...
  OK - 1 entities (1)
Extracting -O0G8vgUPo8 (2712 chars)...
  OK - 4 entities (2)
Extracting -PqGmqahPeM (5843 chars)...
  OK - 1 entities (3)
Extracting -VwoHMBnsZw (1161 chars)...
  OK - 2 entities (4)
Extracting -bC18yhiQBs (1168 chars)...
  OK - 2 entities (5)
Extracting 064X34gHCg0 (932 chars)...
  OK - 5 entities (6)
Extracting 0KyWWShKdUc (701 chars)...
  OK - 4 entities (7)
Extracting 0PKdA8561SU (1557 chars)...
  OK - 3 entities (8)
Extracting 0bvRuAzI4i4 (38870 chars)...
  OK - 11 entities (9)
Extracting 18OOfsIdpOQ (1116 chars)...
  OK - 1 entities (10)
Extracting 1CLCbzaWcvw (18636 chars)...
  OK - 9 entities (11)
Extracting 1PbP3AL7cpM (10525 chars)...
  OK - 8 entities (12)
Extracting 1RY-uu1EWN4 (1153 chars)...
  OK - 1 entities (13)
Extracting 1YrZ7XmK1B4 (2738 chars)...
  OK - 1 entities (14)
Extracting 30N6ZVa3hlM (684 chars)...
  OK - 1 entities (15)
Extracting 3EU1_Am1bMw (1773 chars)...
  OK - 2 entities (16)
Extracting 3aU9j1TQWyg (13496 chars)...
  OK - 5 entities (17)
Extracting 3eOuPEuTwAA (41652 chars)...
  OK - 14 entities (18)
Extracting 3jPVdtqthQc (1659 chars)...
  OK - 2 entities (19)
Extracting 3mBurCNNqrQ (1391 chars)...
  OK - 3 entities (20)
Extracting 3tCRpUdEfsY (871 chars)...
  OK - 1 entities (21)
Extracting 4JAQJ16W6wg (70388 chars)...
  OK - 17 entities (22)
Extracting 4kqyR4jouuI (913 chars)...
  OK - 2 entities (23)
Extracting 5BgAmOb4LYo (1225 chars)...
  OK - 1 entities (24)
Extracting 5ESiy1RfBlM (7399 chars)...
  OK - 10 entities (25)
Extracting 5ZO_f2EPRoI (689 chars)...
  OK - 2 entities (26)
Extracting 5dqrOSk-Wyk (41272 chars)...
  OK - 39 entities (27)
Extracting 5zbzWsPR4go (1408 chars)...
  OK - 1 entities (28)
Extracting 6xet2eRdLS8 (3887 chars)...
  OK - 4 entities (29)
Extracting 70GXfWe3CyA (40961 chars)...
  OK - 35 entities (30)
Extracting 7DHWAcxvAiI (1338 chars)...
  OK - 0 entities (31)
Extracting 7FANmVqiy4U (1080 chars)...
  OK - 1 entities (32)
Extracting 7GuISfPm4YA (831 chars)...
  OK - 1 entities (33)
Extracting 7HXrk76Zfzo (19986 chars)...
  OK - 12 entities (34)
Extracting 7glld8yO3Xo (42577 chars)...
  OK - 34 entities (35)
Extracting 7qI711c03W8 (21054 chars)...
  OK - 7 entities (36)
Extracting 887bLV9j4tk (1812 chars)...
  OK - 1 entities (37)
Extracting 8Ia2upOKo4o (348 chars)...
  OK - 1 entities (38)
Extracting 8eLo7cLn6l0 (1425 chars)...
  OK - 1 entities (39)
Extracting 8ho9hHUmDJA (644 chars)...
  OK - 0 entities (40)
Extracting 90e9UmB1ucY (6575 chars)...
  OK - 3 entities (41)
Extracting 9BZk6eVMa00 (4431 chars)...
  OK - 8 entities (42)
Extracting 9E0tESCskO4 (18728 chars)...
  OK - 19 entities (43)
Extracting 9O5NhpUtGTs (3159 chars)...
  OK - 4 entities (44)
Extracting 9V4gC0ttaJ4 (663 chars)...
  OK - 0 entities (45)
Extracting 9zCZXdqt_jg (2587 chars)...
  OK - 0 entities (46)
Extracting A-TRKhwLe4Q (3324 chars)...
  OK - 5 entities (47)
Extracting AgqkEV8rcIY (2139 chars)...
  OK - 2 entities (48)
Extracting Ao49JNgDTwg (1647 chars)...
  OK - 1 entities (49)
Extracting B4TIHW-wY0Y (690 chars)...
  OK - 2 entities (50)
Extracting BCzY58r3h-M (1163 chars)...
  OK - 0 entities (51)
Extracting BZAyqCmq86s (40000 chars)...
  OK - 21 entities (52)
Extracting BbcJh3uvax0 (41291 chars)...
  OK - 22 entities (53)
Extracting C58fDou7qL8 (3546 chars)...
  OK - 1 entities (54)
Extracting CIQdczE1pEU (8838 chars)...
  OK - 10 entities (55)
Extracting Cd1Tc2UpnDY (17062 chars)...
  FAILED: Expecting ',' delimiter: line 140 column 29 (char 4585)
Extracting CqO4PE4uZhc (2754 chars)...
  OK - 1 entities (56)
Extracting D2qoZDdg6ho (1187 chars)...
  OK - 1 entities (57)
Extracting DHqJc059VBM (2098 chars)...
  OK - 3 entities (58)
Extracting EIUV8yZZJ6E (2496 chars)...
  OK - 4 entities (59)
Extracting EPQckwUEehk (8192 chars)...
  OK - 15 entities (60)
Extracting EqQ3Pl3_1Ek (8781 chars)...
  OK - 7 entities (61)
Extracting F22AvrRqMLk (8803 chars)...
  OK - 7 entities (62)
Extracting FDMYjphW26o (11248 chars)...
  OK - 10 entities (63)
Extracting FedwX4PNAB4 (3578 chars)...
  OK - 2 entities (64)
Extracting GHSFHliLDFg (17862 chars)...
  OK - 4 entities (65)
Extracting GW8pw289bsI (18096 chars)...
  OK - 11 entities (66)
Extracting GjpSgkIMd_c (4181 chars)...
  OK - 5 entities (67)
Extracting HAFXNxgUmAg (18032 chars)...
  OK - 7 entities (68)
Extracting HWJJ3yYc7Ho (17884 chars)...
  OK - 6 entities (69)
Extracting HiXICMEjrqc (19017 chars)...
  OK - 8 entities (70)
Extracting IZnPDFU6C5g (7956 chars)...
  OK - 6 entities (71)
Extracting J7jG40p7Lgw (17277 chars)...
  OK - 10 entities (72)
Extracting JRrRcjUeUkM (10161 chars)...
  OK - 7 entities (73)
Extracting JTHmfvIvGmw (4327 chars)...
  OK - 4 entities (74)
Extracting KgbVN7P2YkY (6528 chars)...
  OK - 3 entities (75)
Extracting KoH-602Lkuc (3504 chars)...
  OK - 0 entities (76)
Extracting MneaaWHLU6I (10453 chars)...
  OK - 5 entities (77)
Extracting MsWtDcQDcps (2202 chars)...
  OK - 2 entities (78)
Extracting NvNw8BgwGUo (4407 chars)...
  OK - 2 entities (79)
Extracting O1YPUIJwQxI (5049 chars)...
  OK - 7 entities (80)
Extracting O63tzcNUE44 (68584 chars)...
  OK - 14 entities (81)
Extracting OWPa8AMYb1Y (9788 chars)...
  OK - 9 entities (82)
Extracting OWpQ9Pa-4QU (474 chars)...
  OK - 3 entities (83)
Extracting Oy7gwJL4kxs (2896 chars)...
  OK - 5 entities (84)
Extracting Phpc37uiyMw (1548 chars)...
  OK - 3 entities (85)
Extracting PiOtd9JAeDE (3978 chars)...
  OK - 4 entities (86)
Extracting QLh1tnvDCdw (42110 chars)...
  OK - 41 entities (87)
Extracting R2LMCAi7594 (18748 chars)...
  OK - 13 entities (88)
Extracting RMEgRR1RiSw (2118 chars)...
  OK - 1 entities (89)
Extracting Ra3h6yKLSq4 (45026 chars)...
  OK - 42 entities (90)
Extracting TbckkgHAMU0 (1753 chars)...
  OK - 2 entities (91)
Extracting UKn6hNglgFI (2434 chars)...
  OK - 1 entities (92)
Extracting UV5TVIVc2WA (6242 chars)...
  OK - 5 entities (93)
Extracting VUTZ9nE7_XQ (19967 chars)...
  OK - 9 entities (94)
Extracting W9bprJ6V_4c (14159 chars)...
  OK - 4 entities (95)
Extracting WUidfeCaXQw (2710 chars)...
  OK - 3 entities (96)
Extracting X3iw7RLvW80 (3634 chars)...
  OK - 1 entities (97)
Extracting XC6qliUIVVw (3253 chars)...
  OK - 3 entities (98)
Extracting XPRz4CYn0nI (17968 chars)...
  OK - 4 entities (99)
Extracting YazSNzW8ies (6336 chars)...
  OK - 5 entities (100)
Extracting YeH2rkEDYY8 (1429 chars)...
  OK - 7 entities (101)
Extracting ZQ4QufGWap4 (19667 chars)...
  OK - 20 entities (102)
Extracting ZUJrUwCNb3E (829 chars)...
  OK - 1 entities (103)
Extracting _jDbQxSIR90 (4395 chars)...
  OK - 1 entities (104)
Extracting _v_5nOC33LM (3976 chars)...
  OK - 1 entities (105)
Extracting abKubhQ3u7c (2758 chars)...
  OK - 3 entities (106)
Extracting b8BQbguFbGk (9420 chars)...
  OK - 5 entities (107)
Extracting bFye1ZrgCUM (42414 chars)...
  OK - 20 entities (108)
Extracting bJqLeuCIGWc (1925 chars)...
  OK - 4 entities (109)
Extracting bu1t4shli0M (15942 chars)...
  OK - 23 entities (110)
Extracting cmQFp541FIM (3519 chars)...
  OK - 1 entities (111)
Extracting cpuqU45IAxk (2766 chars)...
  OK - 0 entities (112)
Extracting di61mAXE35Y (19246 chars)...
  OK - 9 entities (113)
Extracting eE9fpcBZpvA (6696 chars)...
  OK - 4 entities (114)
Extracting eNbjEoQ-tyA (1887 chars)...
  OK - 2 entities (115)
Extracting fJC_Bcb-T_M (1776 chars)...
  OK - 1 entities (116)
Extracting gncypqi7j8s (8744 chars)...
  OK - 10 entities (117)
Extracting h12jeOthMiA (4120 chars)...
  OK - 2 entities (118)
Extracting h6FFpXISodA (8732 chars)...
  OK - 5 entities (119)
Extracting hobqbySMnYQ (11568 chars)...
  OK - 4 entities (120)
Extracting hvME1VrObu0 (6220 chars)...
  OK - 12 entities (121)
Extracting j3MQn7ASras (2483 chars)...
  OK - 0 entities (122)
Extracting l71AX8p0UU8 (6969 chars)...
  OK - 4 entities (123)
Extracting lTESJKYKA3Y (1912 chars)...
  OK - 1 entities (124)
Extracting lV9ORKpaDro (9242 chars)...
  OK - 4 entities (125)
Extracting l_rR8s7GSeI (4612 chars)...
  OK - 4 entities (126)
Extracting lkYDL_frEXw (9898 chars)...
  OK - 10 entities (127)
Extracting nxOrDbtdtDg (40944 chars)...
  OK - 14 entities (128)
Extracting o6uNmctlaAc (3364 chars)...
  OK - 4 entities (129)
Extracting oYjLJnoR3nU (5059 chars)...
  OK - 6 entities (130)
Extracting pCuoTRXlGEY (2310 chars)...
  OK - 2 entities (131)
Extracting pYSZLc11Hdc (18296 chars)...
  OK - 15 entities (132)
Extracting q-LtofpGSEs (1240 chars)...
  OK - 3 entities (133)
Extracting qbuI_AdQxwg (2680 chars)...
  OK - 7 entities (134)
Extracting qi5uyN6D97g (18819 chars)...
  OK - 7 entities (135)
Extracting s8Z0yD1ct6E (9206 chars)...
  OK - 13 entities (136)
Extracting sA8vKsCsGHg (10268 chars)...
  OK - 8 entities (137)
Extracting sw4vwRuDP0A (543 chars)...
  OK - 2 entities (138)
Extracting tA9-iBsFlrw (6892 chars)...
  OK - 4 entities (139)
Extracting thmHjNvi2MM (1064 chars)...
  OK - 1 entities (140)
Extracting tlGTTA0st4M (2219 chars)...
  OK - 4 entities (141)
Extracting uSjfCnQ7t60 (3745 chars)...
  OK - 5 entities (142)
Extracting uThwngV9Zuo (2013 chars)...
  OK - 3 entities (143)
Extracting ugFmDGDzExY (56837 chars)...
  OK - 34 entities (144)
Extracting vFhZR6MOjWI (2776 chars)...
  OK - 3 entities (145)
Extracting vFtOfCjInHc (2696 chars)...
  OK - 3 entities (146)
Extracting vnthhqLYEik (3930 chars)...
  OK - 4 entities (147)
Extracting x4JkC3QOMSc (3416 chars)...
  OK - 5 entities (148)
Extracting xElnTAsJYAY (8463 chars)...
  OK - 5 entities (149)
Extracting xFzLR8fF-7A (5434 chars)...
  OK - 3 entities (150)
Extracted 150 new files. Total: 150
