nohup: ignoring input
Transcribing -Qji29yeB4s...
  OK - 218 segments (1)
Transcribing 0xEipooTPho...
  OK - 503 segments (2)
Transcribing 1CUIEF-j1v0...
  OK - 257 segments (3)
Transcribing 1D5LCd5ytRc...
  OK - 637 segments (4)
Transcribing 2KX_37QLyuk...
  OK - 743 segments (5)
Transcribing 2p63blBigxY...
  OK - 518 segments (6)
Transcribing 2yQqcYBeCmw...
  OK - 467 segments (7)
Transcribing 3d0cPqwCfXA...
  OK - 340 segments (8)
Transcribing 4W6RWwHcpas...
  OK - 573 segments (9)
Transcribing 584o1f6iFSc...
  OK - 765 segments (10)
Transcribing 58AW52WMopw...
  OK - 632 segments (11)
Transcribing 5y6fzLs0Im8...
  OK - 315 segments (12)
Transcribing 6yuQNCZD6x4...
  OK - 1368 segments (13)
Transcribing 6yvAwmRhGWI...
  OK - 669 segments (14)
Transcribing 7waoZYBI8W0...
  OK - 613 segments (15)
Transcribing 86hX1c7s1yQ...
  OK - 484 segments (16)
Transcribing 9NPPqiDhEFQ...
  OK - 583 segments (17)
Transcribing AXZ9bgOlAWM...
  OK - 619 segments (18)
Transcribing AblNsJqLVcM...
  OK - 1192 segments (19)
Transcribing B1VFmvlfBi0...
  OK - 1698 segments (20)
Transcribing BCHD7hhFcF0...
  OK - 591 segments (21)
Transcribing C8YLohR7rzw...
  OK - 1335 segments (22)
Transcribing CIQMneNpXPI...
  OK - 688 segments (23)
Transcribing DokBi3zPt2E...
  OK - 472 segments (24)
Transcribing EYi5vUf1Iuc...
  OK - 673 segments (25)
Transcribing FQ2BDpiNCuo...
  OK - 204 segments (26)
Transcribing FlA4eA49SuI...
  OK - 510 segments (27)
Transcribing FvxT32nSUr4...
  OK - 1438 segments (28)
Transcribing GLKjSVPTGao...
  OK - 727 segments (29)
Transcribing GsmtTtWd3FI...
  OK - 190 segments (30)
Transcribed 30 new files. Total: 120
