Transcribing O63tzcNUE44...
  OK - 1368 segments (1)
Transcribing OWPa8AMYb1Y...
  OK - 260 segments (2)
Transcribing Oy7gwJL4kxs...
  OK - 55 segments (3)
Transcribing Phpc37uiyMw...
  OK - 39 segments (4)
Transcribing R2LMCAi7594...
  OK - 514 segments (5)
Transcribing RMEgRR1RiSw...
  OK - 55 segments (6)
Transcribing Ra3h6yKLSq4...
  OK - 1262 segments (7)
Transcribing TbckkgHAMU0...
  OK - 21 segments (8)
Transcribing UV5TVIVc2WA...
  OK - 156 segments (9)
Transcribing VUTZ9nE7_XQ...
  OK - 658 segments (10)
Transcribing WUidfeCaXQw...
  OK - 68 segments (11)
Transcribing XC6qliUIVVw...
  OK - 85 segments (12)
Transcribing _v_5nOC33LM...
  OK - 54 segments (13)
Transcribing b8BQbguFbGk...
  OK - 261 segments (14)
Transcribing bFye1ZrgCUM...
  OK - 1158 segments (15)
Transcribing bJqLeuCIGWc...
  OK - 63 segments (16)
Transcribing bu1t4shli0M...
  OK - 406 segments (17)
Transcribing eE9fpcBZpvA...
  OK - 160 segments (18)
Transcribing eNbjEoQ-tyA...
  OK - 71 segments (19)
Transcribing gncypqi7j8s...
  OK - 197 segments (20)
Transcribing h6FFpXISodA...
  OK - 228 segments (21)
Transcribing hobqbySMnYQ...
  OK - 306 segments (22)
Transcribing hvME1VrObu0...
  OK - 155 segments (23)
Transcribing lV9ORKpaDro...
  OK - 237 segments (24)
Transcribing lkYDL_frEXw...
  OK - 255 segments (25)
Transcribing nxOrDbtdtDg...
  OK - 1108 segments (26)
Transcribing qbuI_AdQxwg...
  OK - 69 segments (27)
Transcribing s8Z0yD1ct6E...
  OK - 228 segments (28)
Transcribing sA8vKsCsGHg...
  OK - 271 segments (29)
Transcribing vFhZR6MOjWI...
  OK - 76 segments (30)
Transcribing vnthhqLYEik...
  OK - 101 segments (31)
Transcribing xElnTAsJYAY...
  OK - 178 segments (32)
Transcribing xH8zl6dkXJE...
  OK - 147 segments (33)
Transcribing yclWi6QrERY...
  OK - 89 segments (34)
Transcribing zPdYSL4gn9c...
  OK - 268 segments (35)
Transcribed 35 new files. Total: 90
