nohup: ignoring input
Transcribing -HThZggwUP0...
  OK - 34 segments (1)
Transcribing -VwoHMBnsZw...
  OK - 43 segments (2)
Transcribing -bC18yhiQBs...
  OK - 13 segments (3)
Transcribing 064X34gHCg0...
  OK - 23 segments (4)
Transcribing 0KyWWShKdUc...
  OK - 18 segments (5)
Transcribing 18OOfsIdpOQ...
  OK - 15 segments (6)
Transcribing 1RY-uu1EWN4...
  OK - 20 segments (7)
Transcribing 30N6ZVa3hlM...
  OK - 10 segments (8)
Transcribing 3jPVdtqthQc...
  OK - 41 segments (9)
Transcribing 3tCRpUdEfsY...
  OK - 13 segments (10)
Transcribing 4JAQJ16W6wg...
  OK - 1342 segments (11)
Transcribing 4kqyR4jouuI...
  OK - 23 segments (12)
Transcribing 5ZO_f2EPRoI...
  OK - 18 segments (13)
Transcribing 5dqrOSk-Wyk...
  OK - 1505 segments (14)
Transcribing 7DHWAcxvAiI...
  OK - 19 segments (15)
Transcribing 7FANmVqiy4U...
  OK - 35 segments (16)
Transcribing 7GuISfPm4YA...
  OK - 10 segments (17)
Transcribing 7HXrk76Zfzo...
  OK - 540 segments (18)
Transcribing 887bLV9j4tk...
  OK - 20 segments (19)
Transcribing 8Ia2upOKo4o...
  OK - 12 segments (20)
Transcribing 8eLo7cLn6l0...
  OK - 52 segments (21)
Transcribing 8ho9hHUmDJA...
  OK - 9 segments (22)
Transcribing 9O5NhpUtGTs...
  OK - 93 segments (23)
Transcribing 9V4gC0ttaJ4...
  OK - 8 segments (24)
Transcribing A-TRKhwLe4Q...
  OK - 83 segments (25)
Transcribing AgqkEV8rcIY...
  OK - 22 segments (26)
Transcribing Ao49JNgDTwg...
  OK - 40 segments (27)
Transcribing B4TIHW-wY0Y...
  OK - 8 segments (28)
Transcribing BCzY58r3h-M...
  OK - 40 segments (29)
Transcribing C58fDou7qL8...
  OK - 40 segments (30)
Transcribing Cd1Tc2UpnDY...
  OK - 489 segments (31)
Transcribing CqO4PE4uZhc...
  OK - 67 segments (32)
Transcribing D2qoZDdg6ho...
  OK - 30 segments (33)
Transcribing EIUV8yZZJ6E...
  OK - 61 segments (34)
Transcribing FedwX4PNAB4...
  OK - 85 segments (35)
Transcribing FjcjTNZeKns...
/usr/lib/python3.14/multiprocessing/resource_tracker.py:396: UserWarning: resource_tracker: There appear to be 1 leaked semaphore objects to clean up at shutdown: {'/mp-qxwdnxcf'}
  warnings.warn(
