nohup: ignoring input
Transcribing 1YrZ7XmK1B4...
  OK - 94 segments (1)
Transcribing 3aU9j1TQWyg...
  OK - 400 segments (2)
Transcribing 3mBurCNNqrQ...
  OK - 33 segments (3)
Transcribing 5BgAmOb4LYo...
  OK - 43 segments (4)
Transcribing 7qI711c03W8...
  OK - 546 segments (5)
Transcribing 9BZk6eVMa00...
  OK - 155 segments (6)
Transcribing 9E0tESCskO4...
  OK - 520 segments (7)
Transcribing MsWtDcQDcps...
  OK - 57 segments (8)
Transcribing OWpQ9Pa-4QU...
  OK - 13 segments (9)
Transcribing QLh1tnvDCdw...
  OK - 1092 segments (10)
Transcribing UKn6hNglgFI...
  OK - 74 segments (11)
Transcribing W9bprJ6V_4c...
  OK - 475 segments (12)
Transcribing YeH2rkEDYY8...
  OK - 47 segments (13)
Transcribing ZQ4QufGWap4...
  OK - 525 segments (14)
Transcribing ZUJrUwCNb3E...
  OK - 42 segments (15)
Transcribing cmQFp541FIM...
  OK - 136 segments (16)
Transcribing fJC_Bcb-T_M...
  OK - 47 segments (17)
Transcribing j3MQn7ASras...
  OK - 70 segments (18)
Transcribing l71AX8p0UU8...
  OK - 186 segments (19)
Transcribing lTESJKYKA3Y...
  OK - 48 segments (20)
Transcribing l_rR8s7GSeI...
  OK - 125 segments (21)
Transcribing o6uNmctlaAc...
  OK - 159 segments (22)
Transcribing pCuoTRXlGEY...
  OK - 68 segments (23)
Transcribing q-LtofpGSEs...
  OK - 27 segments (24)
Transcribing sw4vwRuDP0A...
  OK - 15 segments (25)
Transcribing thmHjNvi2MM...
  OK - 33 segments (26)
Transcribing tlGTTA0st4M...
  OK - 73 segments (27)
Transcribing vFtOfCjInHc...
  OK - 69 segments (28)
Transcribing x4JkC3QOMSc...
  OK - 111 segments (29)
Transcribing xFzLR8fF-7A...
  OK - 221 segments (30)
Transcribed 30 new files. Total: 120
