[    1876ms] TypeError: Cannot redefine property: fbq
    at Object.defineProperty (<anonymous>)
    at <anonymous>:2:335
    at https://www.googletagmanager.com/gtm.js?id=GTM-NVH6TK88:918:429
    at SQ (https://www.googletagmanager.com/gtm.js?id=GTM-NVH6TK88:920:31)
    at Md.RQ (https://www.googletagmanager.com/gtm.js?id=GTM-NVH6TK88:917:92)
    at Md.<anonymous> (https://www.googletagmanager.com/gtm.js?id=GTM-NVH6TK88:337:187)
    at k.apply (https://www.googletagmanager.com/gtm.js?id=GTM-NVH6TK88:263:466)
    at fb (https://www.googletagmanager.com/gtm.js?id=GTM-NVH6TK88:227:719)
    at eb (https://www.googletagmanager.com/gtm.js?id=GTM-NVH6TK88:227:470)
    at Md.<anonymous> (https://www.googletagmanager.com/gtm.js?id=GTM-NVH6TK88:287:473)
[    1972ms] [LOG] 1480 @ https://qscripts.s3.amazonaws.com/pscript.js:5
[    1972ms] [LOG] 20028013 @ https://qscripts.s3.amazonaws.com/pscript.js:5
[    1972ms] [LOG]  @ https://qscripts.s3.amazonaws.com/pscript.js:5
[    1972ms] [LOG] https%3A%2F%2Fwww.abercrombiekent.com%2F @ https://qscripts.s3.amazonaws.com/pscript.js:5
[    1972ms] [LOG] 1774964557235 @ https://qscripts.s3.amazonaws.com/pscript.js:5
[    2395ms] Uncaught Error: Infinity Tracking JS was loaded twice
    at <anonymous> (https://script.infinity-tracking.com/infinitytrack.js?i=14748:0:96161)
    at <anonymous> (https://script.infinity-tracking.com/infinitytrack.js?i=14748:0:96428)
    at <anonymous> (https://script.infinity-tracking.com/infinitytrack.js?i=14748:0:96432)
[    2680ms] [WARNING] [Meta Pixel] - Duplicate Pixel ID: 1354675515741850. @ https://connect.facebook.net/en_US/fbevents.js:175
[    3204ms] [ERROR] Attestation check for Attribution Reporting on https://ara.paa-reporting-advertising.amazon failed. @ https://www.abercrombiekent.com/:0
[    3206ms] [ERROR] Attestation check for Attribution Reporting on https://ara.paa-reporting-advertising.amazon failed. @ https://www.abercrombiekent.com/:0
[    3206ms] [ERROR] Attestation check for Shared Storage on https://ara.paa-reporting-advertising.amazon failed. @ https://www.abercrombiekent.com/:0
[    3210ms] [ERROR] Attestation check for Attribution Reporting on https://ara.paa-reporting-advertising.amazon failed. @ https://www.abercrombiekent.com/:0
[    3211ms] [ERROR] Attestation check for Shared Storage on https://ara.paa-reporting-advertising.amazon failed. @ https://www.abercrombiekent.com/:0
[    3219ms] [ERROR] Attestation check for Shared Storage on https://ara.paa-reporting-advertising.amazon failed. @ https://www.abercrombiekent.com/:0
[    4006ms] [LOG] www.abercrombiekent.com @ https://qscripts.s3.amazonaws.com/pscript.js:40
[    5005ms] [LOG] P-ID: 0 @ https://qscripts.s3.amazonaws.com/pscript.js:47
