==========================================
kjtcom Production Run
Pipeline: calgold
Timeout: 600s
Started: Mon Mar 30 09:39:12 AM PDT 2026
==========================================

=== Phase 1: Acquire ===
Downloading Tw-b0dfILQg...
  FAILED: ERROR: [youtube] Tw-b0dfILQg: Private video. Sign in if you've been granted access to this video. Use --cookies-from-browser or --cookies for the authentication. See  https://github.com/yt-dlp/yt-dlp/
Downloading TbOR9K5bAl8...
  FAILED: ERROR: [youtube] TbOR9K5bAl8: Video unavailable. This video is no longer available because the YouTube account associated with this video has been terminated.

Downloading c92qwCQGtYg...
  FAILED: ERROR: [youtube] c92qwCQGtYg: Private video. Sign in if you've been granted access to this video. Use --cookies-from-browser or --cookies for the authentication. See  https://github.com/yt-dlp/yt-dlp/
Downloading mO_XXk27vfc...
  FAILED: ERROR: [youtube] mO_XXk27vfc: Video unavailable. This video is no longer available because the YouTube account associated with this video has been terminated.

Downloading nm_Qj_K1jOA...
  FAILED: ERROR: [youtube] nm_Qj_K1jOA: Video unavailable. This video is no longer available because the YouTube account associated with this video has been terminated.

Downloading sKJiZObutVE...
  FAILED: ERROR: [youtube] sKJiZObutVE: Private video. Sign in if you've been granted access to this video. Use --cookies-from-browser or --cookies for the authentication. See  https://github.com/yt-dlp/yt-dlp/
Downloading xrPp1S-F1jQ...
  FAILED: ERROR: [youtube] xrPp1S-F1jQ: Video unavailable. This video is no longer available because the YouTube account associated with this video has been terminated.

Downloading QkrjIvQDzhY...
  FAILED: ERROR: [youtube] QkrjIvQDzhY: Private video. Sign in if you've been granted access to this video. Use --cookies-from-browser or --cookies for the authentication. See  https://github.com/yt-dlp/yt-dlp/
Downloading lYDhj57S8ZE...
  FAILED: ERROR: [youtube] lYDhj57S8ZE: Private video. Sign in if you've been granted access to this video. Use --cookies-from-browser or --cookies for the authentication. See  https://github.com/yt-dlp/yt-dlp/
Downloading iyV7qzD0G5U...
  FAILED: ERROR: [youtube] iyV7qzD0G5U: Video unavailable. This video is no longer available because the YouTube account associated with this video has been terminated.

Downloading Mgu-0LSAtD8...
  FAILED: ERROR: [youtube] Mgu-0LSAtD8: Video unavailable. This video is no longer available because the YouTube account associated with this video has been terminated.

Downloading h1PvboIRHdI...
  FAILED: ERROR: [youtube] h1PvboIRHdI: Private video. Sign in if you've been granted access to this video. Use --cookies-from-browser or --cookies for the authentication. See  https://github.com/yt-dlp/yt-dlp/
Downloading XwE0yh-nHzY...
  FAILED: ERROR: [youtube] XwE0yh-nHzY: Private video. Sign in if you've been granted access to this video. Use --cookies-from-browser or --cookies for the authentication. See  https://github.com/yt-dlp/yt-dlp/
Downloading lQrVE6k-ISA...
  FAILED: ERROR: [youtube] lQrVE6k-ISA: Private video. Sign in if you've been granted access to this video. Use --cookies-from-browser or --cookies for the authentication. See  https://github.com/yt-dlp/yt-dlp/
Downloading z4hIIAsqd_0...
  FAILED: ERROR: [youtube] z4hIIAsqd_0: Private video. Sign in if you've been granted access to this video. Use --cookies-from-browser or --cookies for the authentication. See  https://github.com/yt-dlp/yt-dlp/
Downloading PaNkKKwRElo...
  FAILED: ERROR: [youtube] PaNkKKwRElo: Video unavailable. This video is no longer available because the YouTube account associated with this video has been terminated.

Downloading FSMW7b_un2M...
  FAILED: ERROR: [youtube] FSMW7b_un2M: Private video. Sign in if you've been granted access to this video. Use --cookies-from-browser or --cookies for the authentication. See  https://github.com/yt-dlp/yt-dlp/
Downloading kJy514yp8wI...
  FAILED: ERROR: [youtube] kJy514yp8wI: Private video. Sign in if you've been granted access to this video. Use --cookies-from-browser or --cookies for the authentication. See  https://github.com/yt-dlp/yt-dlp/
Downloading 9sODb_HI3S0...
  FAILED: ERROR: [youtube] 9sODb_HI3S0: Private video. Sign in if you've been granted access to this video. Use --cookies-from-browser or --cookies for the authentication. See  https://github.com/yt-dlp/yt-dlp/
Downloading cYybvQtnJxs...
  FAILED: ERROR: [youtube] cYybvQtnJxs: Private video. Sign in if you've been granted access to this video. Use --cookies-from-browser or --cookies for the authentication. See  https://github.com/yt-dlp/yt-dlp/
Downloading bVd8PbsGQGM...
  FAILED: ERROR: [youtube] bVd8PbsGQGM: Private video. Sign in if you've been granted access to this video. Use --cookies-from-browser or --cookies for the authentication. See  https://github.com/yt-dlp/yt-dlp/
Downloading gABZd744p_w...
  FAILED: ERROR: [youtube] gABZd744p_w: Private video. Sign in if you've been granted access to this video. Use --cookies-from-browser or --cookies for the authentication. See  https://github.com/yt-dlp/yt-dlp/
Downloading 2_Iyq_-QvuM...
  FAILED: ERROR: [youtube] 2_Iyq_-QvuM: Private video. Sign in if you've been granted access to this video. Use --cookies-from-browser or --cookies for the authentication. See  https://github.com/yt-dlp/yt-dlp/
Downloading _o8f1m80-8Q...
  FAILED: ERROR: [youtube] _o8f1m80-8Q: Private video. Sign in if you've been granted access to this video. Use --cookies-from-browser or --cookies for the authentication. See  https://github.com/yt-dlp/yt-dlp/
Downloading 15CVHVmiBHE...
  FAILED: ERROR: [youtube] 15CVHVmiBHE: Private video. Sign in if you've been granted access to this video. Use --cookies-from-browser or --cookies for the authentication. See  https://github.com/yt-dlp/yt-dlp/
Downloading 4uXrZy_UUzI...
  FAILED: ERROR: [youtube] 4uXrZy_UUzI: Private video. Sign in if you've been granted access to this video. Use --cookies-from-browser or --cookies for the authentication. See  https://github.com/yt-dlp/yt-dlp/
Downloading IUUVqbRr-so...
  FAILED: ERROR: [youtube] IUUVqbRr-so: Private video. Sign in if you've been granted access to this video. Use --cookies-from-browser or --cookies for the authentication. See  https://github.com/yt-dlp/yt-dlp/
Downloading auEMgsgPhbs...
  FAILED: ERROR: [youtube] auEMgsgPhbs: Private video. Sign in if you've been granted access to this video. Use --cookies-from-browser or --cookies for the authentication. See  https://github.com/yt-dlp/yt-dlp/
Downloading zJDap5_vQm8...
  OK (1)
Downloading nqY8d1pceL4...
  OK (2)
Downloading X0ac_MyRKtk...
  OK (3)
Downloading NZ-APqsyuE4...
  OK (4)
Downloading _SpTyRDtTLw...
  OK (5)
Downloading gU0uJ8TWE9A...
  OK (6)
Downloading qCfgh8hLyos...
  OK (7)
Downloading eyXlQCDAV4w...
  OK (8)
Downloading h3rigKLV8tI...
  OK (9)
Downloading Fjj-bAOwYqU...
  OK (10)
Downloading tf8yb6rlxiM...
  OK (11)
Downloading qo5xjsfXgxs...
  OK (12)
Downloading ra_oDThTJjs...
  OK (13)
Downloading v5s2k_crpcs...
  OK (14)
Downloading Z4cxQ1sovu8...
  OK (15)
Downloading 0HG-GSmerfU...
  OK (16)
Downloading NRApUZD6vC0...
  OK (17)
Downloading Iz9zNcgC3HU...
  OK (18)
Downloading SKrv2lFZ-C0...
  OK (19)
Downloading VOjfQDAuLsk...
  OK (20)
Downloading NFu4IYGRClM...
  OK (21)
Downloading 8KHrMYwVisg...
  OK (22)
Downloading F8AaI0QmDU0...
  OK (23)
Downloading efJvRd-TgwQ...
  OK (24)
Downloading 90_s-aERHSs...
  OK (25)
Downloading 27BaFCfLi6I...
  OK (26)
Downloading 71uRGZUpEWU...
  OK (27)
Downloading KMQCKtAVnoA...
  OK (28)
Downloading Pozw_7SpD2Q...
  OK (29)
Downloading m8PmLWuY7gI...
  OK (30)
Downloading 8TVyQkqNMP4...
  OK (31)
Downloading 2x32g5GOjU8...
  OK (32)
Downloading Nk-f_S-Wnes...
  OK (33)
Downloading 95eAtbx4_CA...
  OK (34)
Downloading E_bp80HkOC8...
  OK (35)
Downloading lX1peVlq1Ug...
  OK (36)
Downloading ehj5wF3nSeM...
  OK (37)
Downloading NnYZv58djOI...
  OK (38)
Downloading 7f8xRUa5gcY...
  OK (39)
Downloading jzd8NGPuUEw...
  OK (40)
Downloading io9D7Fp58JQ...
  OK (41)
Downloading oIQ8FmplfVU...
  OK (42)
Downloading BJzxQaPueOk...
  OK (43)
Downloading _99UnSRJr_I...
  OK (44)
Downloading CITzDBKyz2o...
  OK (45)
Downloading 3qqmljhWwCI...
  OK (46)
Downloading Az73agAdhow...
  OK (47)
Downloading cDZtjScy4lg...
  FAILED: ERROR: [youtube] cDZtjScy4lg: Private video. Sign in if you've been granted access to this video. Use --cookies-from-browser or --cookies for the authentication. See  https://github.com/yt-dlp/yt-dlp/
Downloading D1kFi7Qp4Og...
  FAILED: ERROR: [youtube] D1kFi7Qp4Og: Private video. Sign in if you've been granted access to this video. Use --cookies-from-browser or --cookies for the authentication. See  https://github.com/yt-dlp/yt-dlp/
Downloading UpsJ8Ib_ZoM...
  FAILED: ERROR: [youtube] UpsJ8Ib_ZoM: Private video. Sign in if you've been granted access to this video. Use --cookies-from-browser or --cookies for the authentication. See  https://github.com/yt-dlp/yt-dlp/
Downloading _K5zmO5rUqc...
  FAILED: ERROR: [youtube] _K5zmO5rUqc: Private video. Sign in if you've been granted access to this video. Use --cookies-from-browser or --cookies for the authentication. See  https://github.com/yt-dlp/yt-dlp/
Downloading 3pVb0QuHrSg...
  FAILED: ERROR: [youtube] 3pVb0QuHrSg: Private video. Sign in if you've been granted access to this video. Use --cookies-from-browser or --cookies for the authentication. See  https://github.com/yt-dlp/yt-dlp/
Downloading IwEnNKd2FfE...
  OK (48)
Downloading JGQv6sZDXos...
  OK (49)
Downloading f6LO43GbVL4...
  OK (50)
Downloading tnOS3LsV_Xk...
  FAILED: ERROR: [youtube] tnOS3LsV_Xk: Private video. Sign in if you've been granted access to this video. Use --cookies-from-browser or --cookies for the authentication. See  https://github.com/yt-dlp/yt-dlp/
Downloading gC8RtWSVvu0...
  FAILED: ERROR: [youtube] gC8RtWSVvu0: Private video. Sign in if you've been granted access to this video. Use --cookies-from-browser or --cookies for the authentication. See  https://github.com/yt-dlp/yt-dlp/
Downloading 9Zc7uV9nni8...
  FAILED: ERROR: [youtube] 9Zc7uV9nni8: Private video. Sign in if you've been granted access to this video. Use --cookies-from-browser or --cookies for the authentication. See  https://github.com/yt-dlp/yt-dlp/
Downloading zLMC_GyJWZg...
  OK (51)
Downloading _en3yx9gGWQ...
  OK (52)
Downloading c_nw9i6bCms...
  OK (53)
Downloading Pbzw_OE7XkM...
  OK (54)
Downloading Qg7ZCLXDKus...
  OK (55)
Downloading -PTa_wV_1ns...
  OK (56)
Downloading dJcOhj5C0EQ...
  OK (57)
Downloading EnCrbyLpv6Y...
  OK (58)
Downloading 8T6eg5gFC7I...
  OK (59)
Downloading CbRWud0F5Ww...
  OK (60)
Downloading 0fHQmq_279s...
  OK (61)
Downloading WXXNR3XldkM...
  OK (62)
Downloading U__-U6c6N_Y...
  OK (63)
Downloading cwD1-Uc3NKk...
  FAILED: ERROR: [youtube] cwD1-Uc3NKk: Video unavailable. This video is no longer available because the YouTube account associated with this video has been terminated.

Downloading 0OINTAR8oAA...
  OK (64)
Downloading AnIvaN2QOcM...
  OK (65)
Downloading 3EJg-6qvKg8...
  OK (66)
Downloading gj7zSPDh8YA...
  OK (67)
Downloading 3wCo1BtUrqs...
  OK (68)
Downloading 0tgUGE32OLo...
  OK (69)
Downloading YakKBpiqDL0...
  OK (70)
Downloading hutMcYVPOpw...
  OK (71)
Downloading bG5zSiXs-Xs...
  OK (72)
Downloading 10LG-DKHLVY...
  OK (73)
Downloading WiS88p03UqE...
  FAILED: ERROR: [youtube] WiS88p03UqE: Private video. Sign in if you've been granted access to this video. Use --cookies-from-browser or --cookies for the authentication. See  https://github.com/yt-dlp/yt-dlp/
Downloading ZQZHg-aNJZY...
  OK (74)
Downloading lVHGUdgvluU...
  OK (75)
Downloading 7h0os5Cv6aE...
  OK (76)
Downloading I0DuW1Q48_U...
  OK (77)
Downloading cxuzj-k-XuU...
  OK (78)
Downloading 2e2YJTDI5K4...
  OK (79)
Downloading 7JVjsNexqs4...
  OK (80)
Downloading E_d6F5AQoSI...
  OK (81)
Downloading tz--PaG-cRk...
  FAILED: ERROR: [youtube] tz--PaG-cRk: Private video. Sign in if you've been granted access to this video. Use --cookies-from-browser or --cookies for the authentication. See  https://github.com/yt-dlp/yt-dlp/
Downloading 1xy6MlZaFLI...
  OK (82)
Downloading D_2OU12L6YU...
  OK (83)
Downloading -mU0HLChQ4M...
  OK (84)
Downloading 5vT7GoICYfE...
  OK (85)
Downloading 7SBzFQCPOIQ...
  OK (86)
Downloading rWcj9mVgWhY...
  OK (87)
Downloading OgAaNMULXAM...
  OK (88)
Downloading LUkAQVVNN_Y...
  OK (89)
Downloading hOeo5jq-N2E...
  OK (90)
Downloading Oci-QeTuqJs...
  OK (91)
Downloading zUVncbQp6v8...
  OK (92)
Downloading _ZzQgUmD6N4...
  OK (93)
Downloading Y2xoND32KRM...
  OK (94)
Downloading BIeQrvPPmY0...
  OK (95)
Downloading nz8OHK3isSQ...
  OK (96)
Downloading u4wk663HMEY...
  OK (97)
Downloading fIWCJaE2P8M...
  OK (98)
Downloading WQWLOyVeskM...
  OK (99)
Downloading tjoriSjdw8g...
  OK (100)
Downloading st64i9BrDi0...
  OK (101)
Downloading gDRWIgbhEec...
  OK (102)
Downloading Yudzw_6hKRs...
  OK (103)
Downloading djsafv4SArM...
  OK (104)
Downloading e1A7KcvZKek...
  OK (105)
Downloading ogTXcvgU8Ak...
  OK (106)
Downloading H7aKCSyPiCc...
  OK (107)
Downloading wNa0ghM3tJQ...
  OK (108)
Downloading gLB28Ai7G1o...
  OK (109)
Downloading 8PcrC2vhf0g...
  OK (110)
Downloading ujztnr1ITrc...
  OK (111)
Downloading NaN7vpFhW4I...
  OK (112)
Downloading seCMfaZHQN8...
  OK (113)
Downloading Aw3w9v_Wqic...
  OK (114)
Downloading tN6yZTLPWzI...
  OK (115)
Downloading AP0q1ye4Q2g...
  OK (116)
Downloading QAYU6F4ELOY...
  OK (117)
Downloading D6pehWRISyI...
  OK (118)
Downloading qpGz_jtE4YY...
  OK (119)
Downloading ht-GBK8EEAQ...
  OK (120)
Downloading FfL2IuF2xXE...
  OK (121)
Downloading j8l2MqvhYz4...
  OK (122)
Downloading iVi2OgCIpQs...
  OK (123)
Downloading wFcylWCztNg...
  OK (124)
Downloading KbBJoURo8jk...
  OK (125)
Downloading rvMmW474UwA...
  OK (126)
Downloading BCjNhFyqUsQ...
  OK (127)
Downloading JLqm4qR3ewI...
  OK (128)
Downloading J6oTlp24-Ac...
  OK (129)
Downloading yc9Y7z8PSGc...
  OK (130)
Downloading ochVJJm7UQ0...
  OK (131)
Downloading zqSepcl96C4...
  OK (132)
Downloading 0ASwHiz7KBA...
  OK (133)
Downloading YBAZ_1rNBWs...
  OK (134)
Downloading cqpceqEnyLM...
  OK (135)
Downloading B45CVLNE6nU...
  OK (136)
Downloading 7_pEiC08inQ...
  OK (137)
Downloading 9JYWvJqYiI4...
  OK (138)
Downloading Tp9WxhFU08c...
  OK (139)
Downloading d25nhAijjKI...
  OK (140)
Downloading jBfZa_CY11Q...
  OK (141)
Downloading 8fqHb5fRDEU...
  OK (142)
Downloading IMkHOwywMAs...
  OK (143)
Downloading hAWn0GjG1dY...
  OK (144)
Downloading 6NTzE9l9t30...
  OK (145)
Downloading cv3-1AtxsyI...
  OK (146)
Downloading CjP34NCZmRA...
  OK (147)
Downloading zB1QibHsG-s...
  OK (148)
Downloading xzGwb-zwxPs...
  OK (149)
Downloading 1s-Iz1ENxfU...
  OK (150)
Downloading VpBsL6BTk4E...
  OK (151)
Downloading RrHta8F8Wms...
  OK (152)
Downloading 9Gxnbb7vmgs...
  OK (153)
Downloading cvmkuANwUz0...
  OK (154)
Downloading Q0k_u4kUZxs...
  FAILED: ERROR: [youtube] Q0k_u4kUZxs: Private video. Sign in if you've been granted access to this video. Use --cookies-from-browser or --cookies for the authentication. See  https://github.com/yt-dlp/yt-dlp/
Downloading I07HG4bIUkw...
  OK (155)
Downloading ha7gjDR-y4w...
  OK (156)
Downloading 0iZQodLpvc8...
  OK (157)
Downloading l99Ek4YtTuw...
  OK (158)
Downloading N0f5lXudlNM...
  OK (159)
Downloading PXAiEMblWHY...
  OK (160)
Downloading dnpmetj66gw...
  OK (161)
Downloading Pmiu-hO0zqo...
  OK (162)
Downloading CZf4lYyGeF8...
  OK (163)
Downloading 5xYHjI4tD6E...
  FAILED: ERROR: [youtube] 5xYHjI4tD6E: Private video. Sign in if you've been granted access to this video. Use --cookies-from-browser or --cookies for the authentication. See  https://github.com/yt-dlp/yt-dlp/
Downloading XJMMJpiEjgI...
  OK (164)
Downloading egGGxoGJll4...
  OK (165)
Downloading TvqHF_oMJVI...
  OK (166)
Downloading unlG8KeJ5x4...
  OK (167)
Downloading BZgxsxRNKPA...
  OK (168)
Downloading sUbDYJ7bZzI...
  OK (169)
Downloading EbIih3BgBJA...
  OK (170)
Downloading JqeCrEQmTdI...
  OK (171)
Downloading Ql7Aa0t7LkE...
  OK (172)
Downloading Ujw4jMjsr80...
  OK (173)
Downloading QqDL6C6L2bQ...
  OK (174)
Downloading i3s4S6O6cKw...
  OK (175)
Downloading V9PgvP7lbS4...
  OK (176)
Downloading A0VbyIbNDe4...
  OK (177)
Downloading XuZerNezDhs...
  OK (178)
Downloading hjLJAk8AhmU...
  OK (179)
Downloading AljpeyR_CTk...
  OK (180)
Acquired 180 new videos. Total: 390
Acquire complete: Mon Mar 30 10:11:06 AM PDT 2026 (31 min)

=== Phase 2: Transcribe (timeout: 600s) ===
Transcribing -PTa_wV_1ns...
  OK - 10 segments (1)
Transcribing -mU0HLChQ4M...
  OK - 741 segments (2)
Transcribing 0ASwHiz7KBA...
  OK - 485 segments (3)
Transcribing 0HG-GSmerfU...
  OK - 234 segments (4)
Transcribing 0OINTAR8oAA...
  OK - 140 segments (5)
Transcribing 0fHQmq_279s...
  OK - 366 segments (6)
Transcribing 0iZQodLpvc8...
  OK - 653 segments (7)
Transcribing 0tgUGE32OLo...
  OK - 344 segments (8)
Transcribing 10LG-DKHLVY...
  OK - 42 segments (9)
Transcribing 1s-Iz1ENxfU...
  OK - 153 segments (10)
Transcribing 1xy6MlZaFLI...
  OK - 671 segments (11)
Transcribing 27BaFCfLi6I...
  OK - 1159 segments (12)
Transcribing 2e2YJTDI5K4...
  OK - 395 segments (13)
Transcribing 2x32g5GOjU8...
  OK - 63 segments (14)
Transcribing 3EJg-6qvKg8...
  OK - 288 segments (15)
Transcribing 3qqmljhWwCI...
  OK - 87 segments (16)
Transcribing 3wCo1BtUrqs...
  OK - 735 segments (17)
Transcribing 5vT7GoICYfE...
  OK - 1010 segments (18)
Transcribing 6NTzE9l9t30...
  OK - 602 segments (19)
Transcribing 71uRGZUpEWU...
  OK - 755 segments (20)
Transcribing 7JVjsNexqs4...
  OK - 814 segments (21)
Transcribing 7SBzFQCPOIQ...
  OK - 461 segments (22)
Transcribing 7_pEiC08inQ...
  OK - 664 segments (23)
Transcribing 7f8xRUa5gcY...
  OK - 549 segments (24)
Transcribing 7h0os5Cv6aE...
  OK - 1501 segments (25)
Transcribing 8KHrMYwVisg...
  OK - 494 segments (26)
Transcribing 8PcrC2vhf0g...
  OK - 643 segments (27)
Transcribing 8T6eg5gFC7I...
  OK - 1035 segments (28)
Transcribing 8TVyQkqNMP4...
  OK - 507 segments (29)
Transcribing 8fqHb5fRDEU...
  OK - 576 segments (30)
Transcribing 90_s-aERHSs...
  OK - 44 segments (31)
Transcribing 95eAtbx4_CA...
  OK - 407 segments (32)
Transcribing 9Gxnbb7vmgs...
  OK - 24 segments (33)
Transcribing 9JYWvJqYiI4...
  OK - 207 segments (34)
Transcribing A0VbyIbNDe4...
  OK - 77 segments (35)
Transcribing AP0q1ye4Q2g...
  OK - 446 segments (36)
Transcribing AljpeyR_CTk...
  OK - 157 segments (37)
Transcribing AnIvaN2QOcM...
  OK - 423 segments (38)
Transcribing Aw3w9v_Wqic...
  OK - 551 segments (39)
Transcribing Az73agAdhow...
  OK - 650 segments (40)
Transcribing B45CVLNE6nU...
  OK - 539 segments (41)
Transcribing BCjNhFyqUsQ...
  OK - 408 segments (42)
Transcribing BIeQrvPPmY0...
  OK - 610 segments (43)
Transcribing BJzxQaPueOk...
  OK - 568 segments (44)
Transcribing BZgxsxRNKPA...
  OK - 19 segments (45)
Transcribing CITzDBKyz2o...
  OK - 36 segments (46)
Transcribing CZf4lYyGeF8...
  OK - 183 segments (47)
Transcribing CbRWud0F5Ww...
  OK - 22 segments (48)
Transcribing CjP34NCZmRA...
  OK - 559 segments (49)
Transcribing D6pehWRISyI...
  OK - 1235 segments (50)
Transcribing D_2OU12L6YU...
  OK - 611 segments (51)
Transcribing E_bp80HkOC8...
  OK - 518 segments (52)
Transcribing E_d6F5AQoSI...
  OK - 784 segments (53)
Transcribing EbIih3BgBJA...
  OK - 120 segments (54)
Transcribing EnCrbyLpv6Y...
  OK - 459 segments (55)
Transcribing F8AaI0QmDU0...
  OK - 561 segments (56)
Transcribing FfL2IuF2xXE...
  OK - 728 segments (57)
Transcribing Fjj-bAOwYqU...
  OK - 568 segments (58)
Transcribing Gzs2Pb94-TE...
  OK - 875 segments (59)
Transcribing H7aKCSyPiCc...
  OK - 519 segments (60)
Transcribing I07HG4bIUkw...
  OK - 3 segments (61)
Transcribing I0DuW1Q48_U...
  OK - 649 segments (62)
Transcribing I0Om8wNbt5I...
  OK - 693 segments (63)
Transcribing I71vUY2_tt8...
  OK - 601 segments (64)
Transcribing IMkHOwywMAs...
  OK - 41 segments (65)
Transcribing IfXvUlddzoE...
  OK - 374 segments (66)
Transcribing ItPs1quQMio...
  OK - 126 segments (67)
Transcribing IwEnNKd2FfE...
  OK - 618 segments (68)
Transcribing Iy6YXCHBzSU...
  OK - 587 segments (69)
Transcribing Iz9zNcgC3HU...
  OK - 521 segments (70)
Transcribing J4IqlbLH4d4...
  OK - 572 segments (71)
Transcribing J6oTlp24-Ac...
  OK - 577 segments (72)
Transcribing JGQv6sZDXos...
  OK - 1505 segments (73)
Transcribing JLqm4qR3ewI...
  OK - 410 segments (74)
Transcribing JdQt1GRW_JU...
  OK - 537 segments (75)
Transcribing JqeCrEQmTdI...
  OK - 92 segments (76)
Transcribing KMQCKtAVnoA...
  OK - 527 segments (77)
Transcribing KbBJoURo8jk...
  OK - 118 segments (78)
Transcribing KjCyKYKpTNg...
  OK - 534 segments (79)
Transcribing KjzUqgWxbYA...
  OK - 580 segments (80)
Transcribing KuocIOETGgw...
  OK - 458 segments (81)
Transcribing KxxTAww9omc...
  OK - 105 segments (82)
Transcribing LUkAQVVNN_Y...
  OK - 698 segments (83)
Transcribing LzKmNabUnP4...
  OK - 736 segments (84)
Transcribing Lzv8pnI8TYU...
  OK - 1247 segments (85)
Transcribing MCHtL8Vq30s...
  OK - 1272 segments (86)
Transcribing MIMIJ-eoK8w...
  OK - 708 segments (87)
Transcribing MW9zT7c79D0...
  OK - 712 segments (88)
Transcribing N0f5lXudlNM...
  OK - 612 segments (89)
Transcribing NFu4IYGRClM...
  OK - 753 segments (90)
Transcribing NK6K60amtSo...
  OK - 690 segments (91)
Transcribing NRApUZD6vC0...
  OK - 503 segments (92)
Transcribing NZ-APqsyuE4...
  OK - 864 segments (93)
Transcribing NaN7vpFhW4I...
  OK - 126 segments (94)
Transcribing Nk-f_S-Wnes...
  OK - 109 segments (95)
Transcribing NnYZv58djOI...
  OK - 882 segments (96)
Transcribing Oci-QeTuqJs...
  OK - 498 segments (97)
Transcribing OgAaNMULXAM...
  OK - 649 segments (98)
Transcribing OkOXX4p3K_s...
  OK - 757 segments (99)
Transcribing OlOm2OMWsh8...
  OK - 546 segments (100)
Transcribing PXAiEMblWHY...
  OK - 45 segments (101)
Transcribing Pbzw_OE7XkM...
  OK - 96 segments (102)
Transcribing Pmiu-hO0zqo...
  OK - 111 segments (103)
Transcribing Pozw_7SpD2Q...
  OK - 627 segments (104)
Transcribing PzBzdkE-mT0...
  OK - 359 segments (105)
Transcribing QAYU6F4ELOY...
  OK - 476 segments (106)
Transcribing Qg7ZCLXDKus...
  OK - 29 segments (107)
Transcribing Ql7Aa0t7LkE...
  OK - 10 segments (108)
Transcribing QqDL6C6L2bQ...
  OK - 46 segments (109)
Transcribing QyMgjb8dBRQ...
Traceback (most recent call last):
  File "/home/kthompson/dev/projects/kjtcom/pipeline/scripts/phase2_transcribe.py", line 99, in <module>
    main()
    ~~~~^^
  File "/home/kthompson/dev/projects/kjtcom/pipeline/scripts/phase2_transcribe.py", line 75, in main
    for seg in segments
               ^^^^^^^^
  File "/home/kthompson/.local/lib/python3.14/site-packages/faster_whisper/transcribe.py", line 1213, in generate_segments
    ) = self.generate_with_fallback(encoder_output, prompt, tokenizer, options)
        ~~~~~~~~~~~~~~~~~~~~~~~~~~~^^^^^^^^^^^^^^^^^^^^^^^^^^^^^^^^^^^^^^^^^^^^
  File "/home/kthompson/.local/lib/python3.14/site-packages/faster_whisper/transcribe.py", line 1446, in generate_with_fallback
    result = self.model.generate(
             ~~~~~~~~~~~~~~~~~~~^
        encoder_output,
        ^^^^^^^^^^^^^^^
    ...<10 lines>...
        **kwargs,
        ^^^^^^^^^
    )[0]
    ^
RuntimeError: CUDA failed with error out of memory
